app/build/outputs/mapping/release/seeds.txt
app.vercel.pwa_demo_neon.twa.LauncherActivity
app.vercel.pwa_demo_neon.twa.LauncherActivity: LauncherActivity()
app.vercel.pwa_demo_neon.twa.DelegationService
app.vercel.pwa_demo_neon.twa.Application
app.vercel.pwa_demo_neon.twa.Application: Application()
app.vercel.pwa_demo_neon.twa.DelegationService: DelegationService()
...
com.google.android.gms.internal.location.zzbd: android.os.Parcelable$Creator CREATOR
com.google.android.gms.location.zzj: android.os.Parcelable$Creator CREATOR
androidx.core.app.CoreComponentFactory: CoreComponentFactory()
com.google.android.gms.common.api.internal.LifecycleCallback: com.google.android.gms.common.api.internal.LifecycleFragment getChimeraLifecycleFragmentImpl(com.google.android.gms.common.api.internal.LifecycleActivity)
com.google.android.gms.location.LocationResult: android.os.Parcelable$Creator CREATOR
com.google.android.gms.signin.internal.zah: android.os.Parcelable$Creator CREATOR
androidx.lifecycle.Lifecycle$Event: androidx.lifecycle.Lifecycle$Event ON_START
androidx.annotation.Keep
com.google.androidbrowserhelper.trusted.WebViewFallbackActivity: WebViewFallbackActivity()
androidx.fragment.app.FragmentState: android.os.Parcelable$Creator CREATOR
com.google.android.gms.common.annotation.KeepName
com.google.android.gms.location.LocationAvailability: android.os.Parcelable$Creator CREATOR
androidx.lifecycle.Lifecycle$Event: androidx.lifecycle.Lifecycle$Event ON_CREATE
androidx.lifecycle.Lifecycle$State: androidx.lifecycle.Lifecycle$State[] values()
androidx.core.app.RemoteActionCompatParcelizer: RemoteActionCompatParcelizer()
androidx.lifecycle.Lifecycle$Event: androidx.lifecycle.Lifecycle$Event ON_RESUME
androidx.lifecycle.Lifecycle$Event: androidx.lifecycle.Lifecycle$Event ON_DESTROY
android.support.v4.app.RemoteActionCompatParcelizer
androidx.lifecycle.CompositeGeneratedAdaptersObserver
androidx.versionedparcelable.ParcelImpl: android.os.Parcelable$Creator CREATOR
androidx.core.app.RemoteActionCompat: RemoteActionCompat()
com.google.android.gms.common.internal.ResolveAccountRequest: android.os.Parcelable$Creator CREATOR
com.google.androidbrowserhelper.trusted.LauncherActivity: LauncherActivity()
com.google.androidbrowserhelper.locationdelegation.PermissionRequestActivity
com.google.android.gms.common.internal.ClientIdentity: android.os.Parcelable$Creator CREATOR
androidx.core.graphics.drawable.IconCompatParcelizer: IconCompatParcelizer()
androidx.core.graphics.drawable.IconCompatParcelizer: androidx.core.graphics.drawable.IconCompat read(androidx.versionedparcelable.VersionedParcel)
androidx.lifecycle.Lifecycle$Event: androidx.lifecycle.Lifecycle$Event valueOf(java.lang.String)
com.google.android.gms.internal.location.zzad: android.os.Parcelable$Creator CREATOR
com.google.android.gms.location.LocationRequest: android.os.Parcelable$Creator CREATOR
com.google.androidbrowserhelper.trusted.ManageDataLauncherActivity
androidx.versionedparcelable.CustomVersionedParcelable: CustomVersionedParcelable()
androidx.lifecycle.SingleGeneratedAdapterObserver
com.google.android.gms.dynamite.DynamiteModule$DynamiteLoaderClassLoader: java.lang.ClassLoader sClassLoader
androidx.core.content.FileProvider
androidx.core.app.CoreComponentFactory
com.google.android.gms.common.api.Status: android.os.Parcelable$Creator CREATOR
com.google.android.gms.auth.api.signin.GoogleSignInAccount: android.os.Parcelable$Creator CREATOR
android.support.v4.app.RemoteActionCompatParcelizer: void write(androidx.core.app.RemoteActionCompat,androidx.versionedparcelable.VersionedParcel)
androidx.lifecycle.ViewModel: ViewModel()
androidx.lifecycle.Lifecycle$Event: androidx.lifecycle.Lifecycle$Event ON_ANY
com.google.android.gms.common.Feature: android.os.Parcelable$Creator CREATOR
com.google.android.gms.location.zzaj: android.os.Parcelable$Creator CREATOR
androidx.core.graphics.drawable.IconCompat: IconCompat()
com.google.android.gms.common.internal.ReflectedParcelable
androidx.lifecycle.FullLifecycleObserverAdapter
androidx.browser.trusted.TrustedWebActivityService: TrustedWebActivityService()
com.google.android.gms.internal.location.zzbf: android.os.Parcelable$Creator CREATOR
com.google.android.gms.common.internal.GetServiceRequest: android.os.Parcelable$Creator CREATOR
androidx.fragment.app.BackStackState: android.os.Parcelable$Creator CREATOR