app/build/outputs/mapping/release/mapping.txt
# compiler: R8
# compiler_version: 2.1.86
# min_api: 19
# pg_map_id: 9624dbe
# common_typos_disable
app.vercel.pwa_demo_neon.twa.LauncherActivity -> app.vercel.pwa_demo_neon.twa.LauncherActivity:
    android.net.Uri getLaunchingUrl() -> f
...
com.google.androidbrowserhelper.locationdelegation.LocationDelegationExtraCommandHandler -> com.google.androidbrowserhelper.locationdelegation.b:
    com.google.androidbrowserhelper.locationdelegation.LocationProvider mLocationProvider -> a
    android.os.Bundle handleExtraCommand(android.content.Context,java.lang.String,android.os.Bundle,androidx.browser.trusted.TrustedWebActivityCallbackRemote) -> a
    com.google.androidbrowserhelper.locationdelegation.LocationProvider getLocationProvider(android.content.Context) -> b
    void requestPermission(android.content.Context,androidx.browser.trusted.TrustedWebActivityCallbackRemote) -> c
    void startLocationProvider(android.content.Context,androidx.browser.trusted.TrustedWebActivityCallbackRemote,boolean) -> d
    void stopLocationProvider(android.content.Context) -> e
com.google.androidbrowserhelper.locationdelegation.LocationProvider -> com.google.androidbrowserhelper.locationdelegation.c:
    androidx.browser.trusted.TrustedWebActivityCallbackRemote mCallback -> a
    com.google.androidbrowserhelper.locationdelegation.LocationProvider create(android.content.Context) -> b
    void notifyLocationErrorWithMessage(java.lang.String) -> d
    void onNewLocationAvailable(android.location.Location) -> f
    void start(androidx.browser.trusted.TrustedWebActivityCallbackRemote,boolean) -> g
    void stop() -> i
com.google.androidbrowserhelper.locationdelegation.LocationProviderAndroid -> com.google.androidbrowserhelper.locationdelegation.d:
    android.content.Context mContext -> d
    boolean mIsRunning -> c
    android.location.LocationManager mLocationManager -> b
    void start(androidx.browser.trusted.TrustedWebActivityCallbackRemote,boolean) -> g
    void stop() -> i
    void createLocationManagerIfNeeded() -> j
    boolean isOnlyPassiveLocationProviderEnabled() -> k
    void registerForLocationUpdates(boolean) -> l
    void unregisterFromLocationUpdates() -> m
    boolean usePassiveOneShotLocation() -> n
com.google.androidbrowserhelper.locationdelegation.LocationProviderGmsCore -> com.google.androidbrowserhelper.locationdelegation.e:
    com.google.android.gms.common.api.GoogleApiClient mGoogleApiClient -> b
    com.google.android.gms.location.FusedLocationProviderApi mLocationProviderApi -> c
    com.google.android.gms.location.LocationRequest mLocationRequest -> e
    boolean mEnableHighAccuracy -> d
    void onConnectionSuspended(int) -> a
    void onConnectionFailed(com.google.android.gms.common.ConnectionResult) -> c
    void onConnected(android.os.Bundle) -> e
    void start(androidx.browser.trusted.TrustedWebActivityCallbackRemote,boolean) -> g
    void stop() -> i
    boolean isGooglePlayServicesAvailable(android.content.Context) -> j
    boolean isRunning() -> k
com.google.androidbrowserhelper.locationdelegation.PermissionRequestActivity -> com.google.androidbrowserhelper.locationdelegation.PermissionRequestActivity:
    android.os.Messenger mMessenger -> a
    boolean lambda$requestLocationPermission$0(androidx.browser.trusted.TrustedWebActivityCallbackRemote,android.os.Message) -> a
    void notifyLocationPermissionResult(androidx.browser.trusted.TrustedWebActivityCallbackRemote,java.lang.String[],int[]) -> b
    void requestLocationPermission(android.content.Context,androidx.browser.trusted.TrustedWebActivityCallbackRemote) -> c
com.google.androidbrowserhelper.trusted.-$$Lambda$LauncherActivity$K443AaSgHDsKB62OgS7KQKQV8M0 -> com.google.androidbrowserhelper.trusted.a:
    com.google.androidbrowserhelper.trusted.LauncherActivity f$0 -> a
com.google.androidbrowserhelper.trusted.-$$Lambda$QualityEnforcer$VMdyvMgt3n2HQzWYzBF2reMpaRU -> com.google.androidbrowserhelper.trusted.b:
    com.google.androidbrowserhelper.trusted.-$$Lambda$QualityEnforcer$VMdyvMgt3n2HQzWYzBF2reMpaRU INSTANCE -> a
    void crash(java.lang.String) -> a