app/build/outputs/mapping/release/usage.txt
app.vercel.pwa_demo_neon.twa.R$drawable
app.vercel.pwa_demo_neon.twa.R$style
app.vercel.pwa_demo_neon.twa.R$xml
app.vercel.pwa_demo_neon.twa.R$dimen
app.vercel.pwa_demo_neon.twa.R$color
app.vercel.pwa_demo_neon.twa.R$attr
app.vercel.pwa_demo_neon.twa.R$styleable
app.vercel.pwa_demo_neon.twa.R
app.vercel.pwa_demo_neon.twa.R$id
app.vercel.pwa_demo_neon.twa.R$string
app.vercel.pwa_demo_neon.twa.BuildConfig
app.vercel.pwa_demo_neon.twa.R$layout
app.vercel.pwa_demo_neon.twa.R$raw
app.vercel.pwa_demo_neon.twa.R$mipmap
app.vercel.pwa_demo_neon.twa.R$integer
app.vercel.pwa_demo_neon.twa.R$bool
...
androidx.annotation.AttrRes
androidx.core.content.pm.ActivityInfoCompat
com.google.android.gms.common.api.internal.zacl
androidx.core.view.GestureDetectorCompat
androidx.core.app.Person
com.google.android.gms.common.internal.service.zal
androidx.browser.trusted.Token:
    private static final java.lang.String TAG
androidx.slidingpanelayout.R$attr
androidx.annotation.ArrayRes
com.google.android.gms.common.server.response.FastJsonResponse$Field
androidx.annotation.StyleRes
androidx.core.content.MimeTypeFilter
androidx.core.view.DisplayCutoutCompat
androidx.core.app.NotificationCompat$NotificationVisibility
com.google.android.gms.tasks.zzo
com.google.android.gms.dynamite.zzd
android.support.v4.os.ResultReceiver$MyResultReceiver
com.google.android.gms.common.server.response.zao
com.google.android.gms.common.internal.GmsClient:
    protected void <init>(android.content.Context,android.os.Handler,int,com.google.android.gms.common.internal.ClientSettings)
    protected void <init>(android.content.Context,android.os.Looper,int,com.google.android.gms.common.internal.ClientSettings)
    protected void <init>(android.content.Context,android.os.Handler,com.google.android.gms.common.internal.GmsClientSupervisor,com.google.android.gms.common.GoogleApiAvailability,int,com.google.android.gms.common.internal.ClientSettings,com.google.android.gms.common.api.GoogleApiClient$ConnectionCallbacks,com.google.android.gms.common.api.GoogleApiClient$OnConnectionFailedListener)
    protected final com.google.android.gms.common.internal.ClientSettings getClientSettings()
    public com.google.android.gms.common.Feature[] getRequiredFeatures()
com.google.android.gms.common.api.internal.IStatusCallback$Stub$zaa
androidx.core.view.VelocityTrackerCompat
androidx.core.text.PrecomputedTextCompat$PrecomputedTextFutureTask$PrecomputedTextCallback
androidx.core.widget.TintableCompoundButton
androidx.core.view.accessibility.AccessibilityManagerCompat$AccessibilityStateChangeListenerCompat
com.google.androidbrowserhelper.locationdelegation.R$layout
androidx.print.PrintHelper$PrintUriAdapter$1$1
androidx.slidingpanelayout.R
androidx.viewpager.R$drawable
androidx.core.R$color
com.google.android.gms.common.api.BooleanResult
com.google.android.gms.common.internal.zzk
com.google.android.gms.common.ErrorDialogFragment:
    public static com.google.android.gms.common.ErrorDialogFragment newInstance(android.app.Dialog)
com.google.android.gms.common.util.UidVerifier
androidx.asynclayoutinflater.view.AsyncLayoutInflater$InflateRequest
androidx.core.view.GestureDetectorCompat$GestureDetectorCompatImplBase$GestureHandler
androidx.localbroadcastmanager.content.LocalBroadcastManager$BroadcastRecord
com.google.android.gms.common.api.ApiException:
    public int getStatusCode()
    public java.lang.String getStatusMessage()
com.google.android.gms.internal.location.zzas:
    private final com.google.android.gms.internal.location.zzat zzb(com.google.android.gms.common.api.internal.ListenerHolder)
    public final com.google.android.gms.location.LocationAvailability zza()
    public final void zza(com.google.android.gms.internal.location.zzbd,com.google.android.gms.common.api.internal.ListenerHolder,com.google.android.gms.internal.location.zzaj)
    public final void zza(com.google.android.gms.location.LocationRequest,android.app.PendingIntent,com.google.android.gms.internal.location.zzaj)
    public final void zzb(com.google.android.gms.common.api.internal.ListenerHolder$ListenerKey,com.google.android.gms.internal.location.zzaj)
    public final void zza(android.app.PendingIntent,com.google.android.gms.internal.location.zzaj)
    public final void zza(android.location.Location)
    public final void zza(com.google.android.gms.internal.location.zzaj)
com.google.android.gms.location.LocationSettingsStatusCodes
androidx.viewpager.widget.PagerTitleStrip
androidx.core.hardware.fingerprint.FingerprintManagerCompat$1
androidx.browser.customtabs.CustomTabsIntent$ColorScheme